<?xml version="1.0" encoding="UTF-8"?>
<!-- Generated by org.testng.reporters.JUnitReportReporter -->
<testsuite hostname="Amar" failures="0" tests="1" name="runner.Runner" time="55.322" errors="0" timestamp="2022-08-19T17:29:02 IST" skipped="0">
  <testcase classname="runner.Runner" name="runScenario" time="55.322"/>
  <system-out/>
</testsuite> <!-- runner.Runner -->
